<?xml version="1.0" encoding="UTF-8"?>
<testsuite xmlns:xsi="http://www.w3.org/2001/XMLSchema-instance" xsi:noNamespaceSchemaLocation="https://maven.apache.org/surefire/maven-surefire-plugin/xsd/surefire-test-report-3.0.xsd" version="3.0" name="superprice.catalog.product.controller.CategoryControllerTest" time="8.93" tests="2" errors="0" skipped="0" failures="0">
  <properties>
[...]
</properties>
  <testcase name="all_should_returnAllCategories_when_thereAreCategories" classname="superprice.catalog.product.controller.CategoryControllerTest" time="0.094">
    <system-out><![CDATA[13:50:08.348 [main] INFO org.springframework.test.context.support.AnnotationConfigContextLoaderUtils -- Could not detect default configuration classes for test class [superprice.catalog.product.controller.CategoryControllerTest]: CategoryControllerTest does not declare any static, non-private, non-final, nested classes annotated with @Configuration.
13:50:08.559 [main] INFO org.springframework.boot.test.context.SpringBootTestContextBootstrapper -- Found @SpringBootConfiguration superprice.catalog.Application for test class superprice.catalog.product.controller.CategoryControllerTest

  .   ____          _            __ _ _
 /\\ / ___'_ __ _ _(_)_ __  __ _ \ \ \ \
( ( )\___ | '_ | '_| | '_ \/ _` | \ \ \ \
 \\/  ___)| |_)| | | | | || (_| |  ) ) ) )
  '  |____| .__|_| |_|_| |_\__, | / / / /
 =========|_|==============|___/=/_/_/_/
 :: Spring Boot ::                (v3.1.2)

2023-10-06T13:50:09.146+11:00  INFO 19116 --- [           main] s.c.p.controller.CategoryControllerTest  : Starting CategoryControllerTest using Java 20.0.1 with PID 19116 (started by drhaa in C:\Users\drhaa\OneDrive\Desktop\Software_Stuff\SEPT\team-project-group-p01-08\backend)
2023-10-06T13:50:09.147+11:00  INFO 19116 --- [           main] s.c.p.controller.CategoryControllerTest  : No active profile set, falling back to 1 default profile: "default"
2023-10-06T13:50:10.079+11:00  INFO 19116 --- [           main] .s.d.r.c.RepositoryConfigurationDelegate : Bootstrapping Spring Data JPA repositories in DEFAULT mode.
2023-10-06T13:50:10.183+11:00  INFO 19116 --- [           main] .s.d.r.c.RepositoryConfigurationDelegate : Finished Spring Data repository scanning in 99 ms. Found 2 JPA repository interfaces.
2023-10-06T13:50:11.999+11:00  INFO 19116 --- [           main] com.zaxxer.hikari.HikariDataSource       : HikariPool-1 - Starting...
2023-10-06T13:50:12.389+11:00  INFO 19116 --- [           main] com.zaxxer.hikari.pool.HikariPool        : HikariPool-1 - Added connection conn0: url=jdbc:h2:mem:testdb/superprice_db user=SPRINGUSER
2023-10-06T13:50:12.399+11:00  INFO 19116 --- [           main] com.zaxxer.hikari.HikariDataSource       : HikariPool-1 - Start completed.
2023-10-06T13:50:12.663+11:00  INFO 19116 --- [           main] o.f.c.internal.license.VersionPrinter    : Flyway Community Edition 9.22.1 by Redgate
2023-10-06T13:50:12.663+11:00  INFO 19116 --- [           main] o.f.c.internal.license.VersionPrinter    : See release notes here: https://rd.gt/416ObMi
2023-10-06T13:50:12.663+11:00  INFO 19116 --- [           main] o.f.c.internal.license.VersionPrinter    : 
2023-10-06T13:50:12.769+11:00  INFO 19116 --- [           main] org.flywaydb.core.FlywayExecutor         : Database: jdbc:h2:mem:testdb/superprice_db (H2 2.2)
2023-10-06T13:50:12.838+11:00  INFO 19116 --- [           main] o.f.c.i.s.JdbcTableSchemaHistory         : Schema history table "PUBLIC"."flyway_schema_history" does not exist yet
2023-10-06T13:50:12.849+11:00  INFO 19116 --- [           main] o.f.core.internal.command.DbValidate     : Successfully validated 4 migrations (execution time 00:00.038s)
2023-10-06T13:50:12.859+11:00  INFO 19116 --- [           main] o.f.c.i.s.JdbcTableSchemaHistory         : Creating Schema History table "PUBLIC"."flyway_schema_history" ...
2023-10-06T13:50:12.910+11:00  INFO 19116 --- [           main] o.f.core.internal.command.DbMigrate      : Current version of schema "PUBLIC": << Empty Schema >>
2023-10-06T13:50:12.919+11:00  INFO 19116 --- [           main] o.f.core.internal.command.DbMigrate      : Migrating schema "PUBLIC" to version "1 - create books"
2023-10-06T13:50:12.940+11:00  INFO 19116 --- [           main] o.f.core.internal.command.DbMigrate      : Migrating schema "PUBLIC" to version "2 - insert books"
2023-10-06T13:50:12.948+11:00  INFO 19116 --- [           main] o.f.core.internal.command.DbMigrate      : Migrating schema "PUBLIC" to version "3 - create users"
2023-10-06T13:50:12.953+11:00  INFO 19116 --- [           main] o.f.core.internal.command.DbMigrate      : Migrating schema "PUBLIC" to version "4 - insert users"
2023-10-06T13:50:12.959+11:00  INFO 19116 --- [           main] o.f.core.internal.command.DbMigrate      : Successfully applied 4 migrations to schema "PUBLIC", now at version v4 (execution time 00:00.013s)
2023-10-06T13:50:13.169+11:00  INFO 19116 --- [           main] o.hibernate.jpa.internal.util.LogHelper  : HHH000204: Processing PersistenceUnitInfo [name: default]
2023-10-06T13:50:13.327+11:00  INFO 19116 --- [           main] org.hibernate.Version                    : HHH000412: Hibernate ORM core version 6.2.7.Final
2023-10-06T13:50:13.335+11:00  INFO 19116 --- [           main] org.hibernate.cfg.Environment            : HHH000406: Using bytecode reflection optimizer
2023-10-06T13:50:13.778+11:00  INFO 19116 --- [           main] o.h.b.i.BytecodeProviderInitiator        : HHH000021: Bytecode provider name : bytebuddy
2023-10-06T13:50:13.798+11:00  INFO 19116 --- [           main] o.s.o.j.p.SpringPersistenceUnitInfo      : No LoadTimeWeaver setup: ignoring JPA class transformer
2023-10-06T13:50:14.294+11:00  INFO 19116 --- [           main] o.h.b.i.BytecodeProviderInitiator        : HHH000021: Bytecode provider name : bytebuddy
2023-10-06T13:50:15.000+11:00  INFO 19116 --- [           main] o.h.e.t.j.p.i.JtaPlatformInitiator       : HHH000490: Using JtaPlatform implementation: [org.hibernate.engine.transaction.jta.platform.internal.NoJtaPlatform]
Hibernate: create table customer (id bigint not null, email varchar(255), first_name varchar(255), last_name varchar(255), password varchar(255), primary key (id))
Hibernate: alter table if exists product alter column id set data type bigint
Hibernate: alter table if exists product alter column brand set data type varchar(255)
Hibernate: alter table if exists product alter column category set data type varchar(255)
Hibernate: alter table if exists product alter column item_description set data type varchar(255)
Hibernate: alter table if exists product alter column store set data type varchar(255)
Hibernate: alter table if exists product alter column title set data type varchar(255)
Hibernate: create sequence customer_seq start with 1 increment by 50
Hibernate: create sequence product_seq start with 1 increment by 50
2023-10-06T13:50:15.063+11:00  INFO 19116 --- [           main] j.LocalContainerEntityManagerFactoryBean : Initialized JPA EntityManagerFactory for persistence unit 'default'
2023-10-06T13:50:15.645+11:00  WARN 19116 --- [           main] ocalVariableTableParameterNameDiscoverer : Using deprecated '-debug' fallback for parameter name resolution. Compile the affected code with '-parameters' instead or avoid its introspection: superprice.catalog.product.repository.ProductRepository
2023-10-06T13:50:15.862+11:00  INFO 19116 --- [           main] o.s.d.j.r.query.QueryEnhancerFactory     : Hibernate is in classpath; If applicable, HQL parser will be used.
2023-10-06T13:50:15.957+11:00  WARN 19116 --- [           main] ocalVariableTableParameterNameDiscoverer : Using deprecated '-debug' fallback for parameter name resolution. Compile the affected code with '-parameters' instead or avoid its introspection: superprice.catalog.user.repository.CustomerRepository
2023-10-06T13:50:15.986+11:00  WARN 19116 --- [           main] JpaBaseConfiguration$JpaWebConfiguration : spring.jpa.open-in-view is enabled by default. Therefore, database queries may be performed during view rendering. Explicitly configure spring.jpa.open-in-view to disable this warning
2023-10-06T13:50:16.891+11:00  INFO 19116 --- [           main] o.s.b.a.h2.H2ConsoleAutoConfiguration    : H2 console available at '/h2-console'. Database available at 'jdbc:h2:mem:testdb/superprice_db'
2023-10-06T13:50:16.958+11:00  INFO 19116 --- [           main] s.c.p.controller.CategoryControllerTest  : Started CategoryControllerTest in 8.249 seconds (process running for 9.554)
]]></system-out>
  </testcase>
  <testcase name="all_should_returnnothing_when_noCategories" classname="superprice.catalog.product.controller.CategoryControllerTest" time="0.003"/>
</testsuite>