<?xml version="1.0" encoding="UTF-8"?>
<testsuite xmlns:xsi="http://www.w3.org/2001/XMLSchema-instance" xsi:noNamespaceSchemaLocation="https://maven.apache.org/surefire/maven-surefire-plugin/xsd/surefire-test-report-3.0.xsd" version="3.0" name="superprice.catalog.product.repository.CategoryRepositoryTest" time="0.588" tests="1" errors="0" skipped="0" failures="0">
  <properties>
[...]
</properties>
  <testcase name="categories_shouldReturn_AllCategories" classname="superprice.catalog.product.repository.CategoryRepositoryTest" time="0.021">
    <system-out><![CDATA[2023-10-08T18:23:07.198+11:00  INFO 26519 --- [           main] t.c.s.AnnotationConfigContextLoaderUtils : Could not detect default configuration classes for test class [superprice.catalog.product.repository.CategoryRepositoryTest]: CategoryRepositoryTest does not declare any static, non-private, non-final, nested classes annotated with @Configuration.
2023-10-08T18:23:07.210+11:00  INFO 26519 --- [           main] .b.t.c.SpringBootTestContextBootstrapper : Found @SpringBootConfiguration superprice.catalog.Application for test class superprice.catalog.product.repository.CategoryRepositoryTest

  .   ____          _            __ _ _
 /\\ / ___'_ __ _ _(_)_ __  __ _ \ \ \ \
( ( )\___ | '_ | '_| | '_ \/ _` | \ \ \ \
 \\/  ___)| |_)| | | | | || (_| |  ) ) ) )
  '  |____| .__|_| |_|_| |_\__, | / / / /
 =========|_|==============|___/=/_/_/_/
 :: Spring Boot ::                (v3.1.2)

2023-10-08T18:23:07.235+11:00  INFO 26519 --- [           main] s.c.p.repository.CategoryRepositoryTest  : Starting CategoryRepositoryTest using Java 17.0.6 with PID 26519 (started by ethanherpich in /Users/ethanherpich/github-classroom/cosc2299-sept-2023/team-project-group-p01-08/backend)
2023-10-08T18:23:07.235+11:00  INFO 26519 --- [           main] s.c.p.repository.CategoryRepositoryTest  : No active profile set, falling back to 1 default profile: "default"
2023-10-08T18:23:07.358+11:00  INFO 26519 --- [           main] .s.d.r.c.RepositoryConfigurationDelegate : Bootstrapping Spring Data JPA repositories in DEFAULT mode.
2023-10-08T18:23:07.369+11:00  INFO 26519 --- [           main] .s.d.r.c.RepositoryConfigurationDelegate : Finished Spring Data repository scanning in 11 ms. Found 2 JPA repository interfaces.
2023-10-08T18:23:07.441+11:00  INFO 26519 --- [           main] com.zaxxer.hikari.HikariDataSource       : HikariPool-3 - Starting...
2023-10-08T18:23:07.442+11:00  INFO 26519 --- [           main] com.zaxxer.hikari.pool.HikariPool        : HikariPool-3 - Added connection conn20: url=jdbc:h2:mem:testdb/superprice_db user=SPRINGUSER
2023-10-08T18:23:07.442+11:00  INFO 26519 --- [           main] com.zaxxer.hikari.HikariDataSource       : HikariPool-3 - Start completed.
2023-10-08T18:23:07.447+11:00  INFO 26519 --- [           main] org.flywaydb.core.FlywayExecutor         : Database: jdbc:h2:mem:testdb/superprice_db (H2 2.2)
2023-10-08T18:23:07.452+11:00  INFO 26519 --- [           main] o.f.core.internal.command.DbValidate     : Successfully validated 4 migrations (execution time 00:00.002s)
2023-10-08T18:23:07.454+11:00  INFO 26519 --- [           main] o.f.core.internal.command.DbMigrate      : Current version of schema "PUBLIC": 4
2023-10-08T18:23:07.454+11:00  INFO 26519 --- [           main] o.f.core.internal.command.DbMigrate      : Schema "PUBLIC" is up to date. No migration necessary.
2023-10-08T18:23:07.475+11:00  INFO 26519 --- [           main] o.hibernate.jpa.internal.util.LogHelper  : HHH000204: Processing PersistenceUnitInfo [name: default]
2023-10-08T18:23:07.479+11:00  INFO 26519 --- [           main] o.h.b.i.BytecodeProviderInitiator        : HHH000021: Bytecode provider name : bytebuddy
2023-10-08T18:23:07.480+11:00  INFO 26519 --- [           main] o.s.o.j.p.SpringPersistenceUnitInfo      : No LoadTimeWeaver setup: ignoring JPA class transformer
2023-10-08T18:23:07.490+11:00  INFO 26519 --- [           main] o.h.b.i.BytecodeProviderInitiator        : HHH000021: Bytecode provider name : bytebuddy
2023-10-08T18:23:07.525+11:00  INFO 26519 --- [           main] o.h.e.t.j.p.i.JtaPlatformInitiator       : HHH000490: Using JtaPlatform implementation: [org.hibernate.engine.transaction.jta.platform.internal.NoJtaPlatform]
2023-10-08T18:23:07.526+11:00  INFO 26519 --- [           main] j.LocalContainerEntityManagerFactoryBean : Initialized JPA EntityManagerFactory for persistence unit 'default'
2023-10-08T18:23:07.635+11:00  WARN 26519 --- [           main] JpaBaseConfiguration$JpaWebConfiguration : spring.jpa.open-in-view is enabled by default. Therefore, database queries may be performed during view rendering. Explicitly configure spring.jpa.open-in-view to disable this warning
2023-10-08T18:23:07.746+11:00  INFO 26519 --- [           main] o.s.b.a.h2.H2ConsoleAutoConfiguration    : H2 console available at '/h2-console'. Database available at 'jdbc:h2:mem:testdb/superprice_db'
2023-10-08T18:23:07.762+11:00  INFO 26519 --- [           main] s.c.p.repository.CategoryRepositoryTest  : Started CategoryRepositoryTest in 0.547 seconds (process running for 9.203)
2023-10-08T18:23:07.774+11:00  INFO 26519 --- [           main] o.f.core.internal.command.DbValidate     : Successfully validated 4 migrations (execution time 00:00.004s)
2023-10-08T18:23:07.776+11:00  INFO 26519 --- [           main] o.f.core.internal.command.DbMigrate      : Current version of schema "PUBLIC": 4
2023-10-08T18:23:07.776+11:00  INFO 26519 --- [           main] o.f.core.internal.command.DbMigrate      : Schema "PUBLIC" is up to date. No migration necessary.
]]></system-out>
  </testcase>
</testsuite>